d:\_masters\master 2\projet composants\final project\mini_cryptocurrency\projet_complet\composant4\composant4\x64\debug\vc140.pdb
d:\_masters\master 2\projet composants\final project\mini_cryptocurrency\projet_complet\composant4\composant4\x64\debug\vc140.idb
d:\_masters\master 2\projet composants\final project\mini_cryptocurrency\projet_complet\composant4\composant4\x64\debug\hacheur.obj
d:\_masters\master 2\projet composants\final project\mini_cryptocurrency\projet_complet\x64\debug\composant4.lib
d:\_masters\master 2\projet composants\final project\mini_cryptocurrency\projet_complet\x64\debug\composant4.exp
d:\_masters\master 2\projet composants\final project\mini_cryptocurrency\projet_complet\x64\debug\composant4.ilk
d:\_masters\master 2\projet composants\final project\mini_cryptocurrency\projet_complet\x64\debug\composant4.dll
d:\_masters\master 2\projet composants\final project\mini_cryptocurrency\projet_complet\x64\debug\composant4.pdb
c:\users\jeremy\desktop\mini_cryptocurrency-master\projet_complet\composant4\composant4\x64\debug\hacheur.obj
c:\users\jeremy\desktop\mini_cryptocurrency-master\projet_complet\composant4\composant4\x64\debug\vc140.idb
c:\users\jeremy\desktop\mini_cryptocurrency-master\projet_complet\composant4\composant4\x64\debug\vc140.pdb
c:\users\jeremy\desktop\mini_cryptocurrency-master\projet_complet\x64\debug\composant4.pdb
c:\users\jeremy\desktop\mini_cryptocurrency-master\projet_complet\x64\debug\composant4.dll
c:\users\jeremy\desktop\mini_cryptocurrency-master\projet_complet\x64\debug\composant4.ilk
c:\users\jeremy\desktop\mini_cryptocurrency-master\projet_complet\composant4\composant4\x64\debug\composant4.tlog\cl.command.1.tlog
c:\users\jeremy\desktop\mini_cryptocurrency-master\projet_complet\composant4\composant4\x64\debug\composant4.tlog\cl.read.1.tlog
c:\users\jeremy\desktop\mini_cryptocurrency-master\projet_complet\composant4\composant4\x64\debug\composant4.tlog\cl.write.1.tlog
c:\users\jeremy\desktop\mini_cryptocurrency-master\projet_complet\composant4\composant4\x64\debug\composant4.tlog\composant4.write.1u.tlog
c:\users\jeremy\desktop\mini_cryptocurrency-master\projet_complet\composant4\composant4\x64\debug\composant4.tlog\link.command.1.tlog
c:\users\jeremy\desktop\mini_cryptocurrency-master\projet_complet\composant4\composant4\x64\debug\composant4.tlog\link.read.1.tlog
c:\users\jeremy\desktop\mini_cryptocurrency-master\projet_complet\composant4\composant4\x64\debug\composant4.tlog\link.write.1.tlog
