d:\_masters\master 2\projet composants\final project\mini_cryptocurrency\projet_complet\wallet_3\compoproject\x64\debug\compoproject.pch
d:\_masters\master 2\projet composants\final project\mini_cryptocurrency\projet_complet\wallet_3\compoproject\x64\debug\vc140.pdb
d:\_masters\master 2\projet composants\final project\mini_cryptocurrency\projet_complet\wallet_3\compoproject\x64\debug\vc140.idb
d:\_masters\master 2\projet composants\final project\mini_cryptocurrency\projet_complet\wallet_3\compoproject\x64\debug\stdafx.obj
d:\_masters\master 2\projet composants\final project\mini_cryptocurrency\projet_complet\wallet_3\compoproject\x64\debug\compoproject.obj
d:\_masters\master 2\projet composants\final project\mini_cryptocurrency\projet_complet\wallet_3\compoproject\x64\debug\wallet.obj
d:\_masters\master 2\projet composants\final project\mini_cryptocurrency\projet_complet\wallet_3\compoproject\x64\debug\dllmain.obj
d:\_masters\master 2\projet composants\final project\mini_cryptocurrency\projet_complet\x64\debug\compoproject.ilk
d:\_masters\master 2\projet composants\final project\mini_cryptocurrency\projet_complet\x64\debug\compoproject.exe
d:\_masters\master 2\projet composants\final project\mini_cryptocurrency\projet_complet\x64\debug\compoproject.pdb
c:\users\jeremy\desktop\mini_cryptocurrency-master\projet_complet\wallet_3\compoproject\x64\debug\compoproject.obj
c:\users\jeremy\desktop\mini_cryptocurrency-master\projet_complet\wallet_3\compoproject\x64\debug\dllmain.obj
c:\users\jeremy\desktop\mini_cryptocurrency-master\projet_complet\wallet_3\compoproject\x64\debug\stdafx.obj
c:\users\jeremy\desktop\mini_cryptocurrency-master\projet_complet\wallet_3\compoproject\x64\debug\wallet.obj
c:\users\jeremy\desktop\mini_cryptocurrency-master\projet_complet\wallet_3\compoproject\x64\debug\compoproject.pch
c:\users\jeremy\desktop\mini_cryptocurrency-master\projet_complet\wallet_3\compoproject\x64\debug\vc140.idb
c:\users\jeremy\desktop\mini_cryptocurrency-master\projet_complet\wallet_3\compoproject\x64\debug\vc140.pdb
c:\users\jeremy\desktop\mini_cryptocurrency-master\projet_complet\x64\debug\compoproject.pdb
c:\users\jeremy\desktop\mini_cryptocurrency-master\projet_complet\x64\debug\compoproject.exe
c:\users\jeremy\desktop\mini_cryptocurrency-master\projet_complet\x64\debug\compoproject.ilk
c:\users\jeremy\desktop\mini_cryptocurrency-master\projet_complet\wallet_3\compoproject\x64\debug\compoproject.tlog\cl.command.1.tlog
c:\users\jeremy\desktop\mini_cryptocurrency-master\projet_complet\wallet_3\compoproject\x64\debug\compoproject.tlog\cl.read.1.tlog
c:\users\jeremy\desktop\mini_cryptocurrency-master\projet_complet\wallet_3\compoproject\x64\debug\compoproject.tlog\cl.write.1.tlog
c:\users\jeremy\desktop\mini_cryptocurrency-master\projet_complet\wallet_3\compoproject\x64\debug\compoproject.tlog\link.command.1.tlog
c:\users\jeremy\desktop\mini_cryptocurrency-master\projet_complet\wallet_3\compoproject\x64\debug\compoproject.tlog\link.read.1.tlog
c:\users\jeremy\desktop\mini_cryptocurrency-master\projet_complet\wallet_3\compoproject\x64\debug\compoproject.tlog\link.write.1.tlog
