d:\_masters\master 2\projet composants\final project\mini_cryptocurrency\projet_complet\composant1\x64\debug\vc140.pdb
d:\_masters\master 2\projet composants\final project\mini_cryptocurrency\projet_complet\composant1\x64\debug\vc140.idb
d:\_masters\master 2\projet composants\final project\mini_cryptocurrency\projet_complet\composant1\x64\debug\fileinterface.obj
d:\_masters\master 2\projet composants\final project\mini_cryptocurrency\projet_complet\x64\debug\composant1.lib
d:\_masters\master 2\projet composants\final project\mini_cryptocurrency\projet_complet\x64\debug\composant1.exp
d:\_masters\master 2\projet composants\final project\mini_cryptocurrency\projet_complet\x64\debug\composant1.ilk
d:\_masters\master 2\projet composants\final project\mini_cryptocurrency\projet_complet\x64\debug\composant1.dll
d:\_masters\master 2\projet composants\final project\mini_cryptocurrency\projet_complet\x64\debug\composant1.pdb
c:\users\jeremy\desktop\mini_cryptocurrency-master\projet_complet\composant1\x64\debug\fileinterface.obj
c:\users\jeremy\desktop\mini_cryptocurrency-master\projet_complet\composant1\x64\debug\vc140.idb
c:\users\jeremy\desktop\mini_cryptocurrency-master\projet_complet\composant1\x64\debug\vc140.pdb
c:\users\jeremy\desktop\mini_cryptocurrency-master\projet_complet\x64\debug\composant1.pdb
c:\users\jeremy\desktop\mini_cryptocurrency-master\projet_complet\x64\debug\composant1.dll
c:\users\jeremy\desktop\mini_cryptocurrency-master\projet_complet\x64\debug\composant1.ilk
c:\users\jeremy\desktop\mini_cryptocurrency-master\projet_complet\composant1\x64\debug\composant1.tlog\cl.command.1.tlog
c:\users\jeremy\desktop\mini_cryptocurrency-master\projet_complet\composant1\x64\debug\composant1.tlog\cl.read.1.tlog
c:\users\jeremy\desktop\mini_cryptocurrency-master\projet_complet\composant1\x64\debug\composant1.tlog\cl.write.1.tlog
c:\users\jeremy\desktop\mini_cryptocurrency-master\projet_complet\composant1\x64\debug\composant1.tlog\composant1.write.1u.tlog
c:\users\jeremy\desktop\mini_cryptocurrency-master\projet_complet\composant1\x64\debug\composant1.tlog\link.command.1.tlog
c:\users\jeremy\desktop\mini_cryptocurrency-master\projet_complet\composant1\x64\debug\composant1.tlog\link.read.1.tlog
c:\users\jeremy\desktop\mini_cryptocurrency-master\projet_complet\composant1\x64\debug\composant1.tlog\link.write.1.tlog
